2026-07-07 15:37:07,950 - INFO - Iniciando carregamento de dados.
2026-07-07 15:37:37,453 - INFO - Merge concluído: 69542 registros, 48 RAs.
2026-07-07 19:21:50,146 - INFO - Iniciando carregamento de dados.
2026-07-07 19:22:16,374 - INFO - Merge concluído: 69542 registros, 48 RAs.
2026-07-07 19:22:20,190 - INFO - Interface atualizada com RAs carregadas.
2026-07-07 19:22:35,157 - INFO - Using categorical units to plot a list of strings that are all parsable as floats or dates. If these strings should be plotted as numbers, cast to the appropriate data type before plotting.
2026-07-07 19:22:35,158 - INFO - Using categorical units to plot a list of strings that are all parsable as floats or dates. If these strings should be plotted as numbers, cast to the appropriate data type before plotting.
2026-07-07 21:48:31,247 - INFO - Iniciando carregamento de dados.
2026-07-07 21:48:55,073 - INFO - Merge concluído: 69542 registros, 48 RAs.
2026-07-07 21:48:56,948 - INFO - Interface atualizada com RAs carregadas.
2026-07-07 21:48:59,563 - INFO - Using categorical units to plot a list of strings that are all parsable as floats or dates. If these strings should be plotted as numbers, cast to the appropriate data type before plotting.
2026-07-07 21:48:59,564 - INFO - Using categorical units to plot a list of strings that are all parsable as floats or dates. If these strings should be plotted as numbers, cast to the appropriate data type before plotting.
2026-07-07 21:50:00,679 - INFO - Iniciando carregamento de dados.
2026-07-07 21:50:24,635 - INFO - Merge concluído: 69542 registros, 48 RAs.
2026-07-07 21:50:24,639 - INFO - ra_names.json não encontrado — combobox exibindo códigos brutos de localidade.
2026-07-07 21:51:48,451 - INFO - Interface atualizada com RAs carregadas.
2026-07-08 11:47:50,919 - INFO - Iniciando carregamento de dados.
2026-07-08 11:48:21,554 - INFO - Merge concluído: 69542 registros, 48 RAs.
2026-07-08 11:48:21,560 - INFO - ra_names.json não encontrado — combobox exibindo códigos brutos de localidade.
2026-07-08 11:48:23,882 - INFO - Interface atualizada com RAs carregadas.
2026-07-08 17:16:08,739 - INFO - Iniciando carregamento de dados.
2026-07-08 17:16:38,821 - INFO - Merge concluído: 69542 registros, 48 RAs.
2026-07-08 17:16:41,978 - INFO - Interface atualizada com RAs carregadas.
2026-07-08 17:16:46,382 - INFO - Using categorical units to plot a list of strings that are all parsable as floats or dates. If these strings should be plotted as numbers, cast to the appropriate data type before plotting.
2026-07-08 17:16:46,382 - INFO - Using categorical units to plot a list of strings that are all parsable as floats or dates. If these strings should be plotted as numbers, cast to the appropriate data type before plotting.
2026-07-08 17:16:54,788 - INFO - Using categorical units to plot a list of strings that are all parsable as floats or dates. If these strings should be plotted as numbers, cast to the appropriate data type before plotting.
2026-07-08 17:16:54,788 - INFO - Using categorical units to plot a list of strings that are all parsable as floats or dates. If these strings should be plotted as numbers, cast to the appropriate data type before plotting.
2026-07-08 19:07:39 - INFO - Iniciando carregamento de dados.
2026-07-08 19:08:11 - INFO - Merge concluído: 69542 registros, 48 RAs.
2026-07-08 19:08:11 - INFO - Interface atualizada com RAs carregadas.
2026-07-08 19:08:18 - INFO - Using categorical units to plot a list of strings that are all parsable as floats or dates. If these strings should be plotted as numbers, cast to the appropriate data type before plotting.
2026-07-08 19:08:18 - INFO - Using categorical units to plot a list of strings that are all parsable as floats or dates. If these strings should be plotted as numbers, cast to the appropriate data type before plotting.
2026-07-08 19:09:45 - INFO - Relatório exportado: /home/seletor/Projeto PDAD/Algomais.txt
2026-07-08 19:22:35 - INFO - Iniciando carregamento de dados.
2026-07-08 19:23:04 - INFO - Merge concluído: 69542 registros, 48 RAs.
2026-07-08 19:23:04 - INFO - Interface atualizada com RAs carregadas.
